1 10 20
100 200 125
201 210 89
900 1000 174
113383 113384 248
1 999999 525
740530 635855 504
960894 617760 525
904874 803329 525
542545 257343 470
447258 108185 449
923987 119807 525
78757 326896 443
651342 739918 504
389671 164238 443
271198 319215 389
784613 209809 509
284411 235104 407
824090 8326 509
949460 252223 525
514361 175270 470
827203 929208 525
270427 218418 443
311819 471072 449
374066 132889 443
961955 213085 525
154836 458025 449
403680 945242 525
282739 19431 443
183972 588778 470
432394 146136 449
684626 702956 442
595015 832525 509
327624 586390 470
176392 936078 525
694827 202729 509
608975 151633 470
316401 492504 449
966540 346022 525
645189 505054 509
7781 653603 509
513517 904920 525
167881 181468 365
661135 495661 509
917520 513994 525
275780 95960 443
995904 194383 525
398727 663946 509
117506 42193 354
525871 168995 470
850812 407301 525
697214 190634 509
742004 587838 509
108621 839868 525
826655 585000 509
587883 108281 470
510178 767481 509
537617 228604 470
974545 623832 525
536096 333974 470
514452 449447 470
280460 261312 407
228267 211542 386
237723 162073 443
543692 192467 470
564615 968448 525
543400 822893 509
143000 260784 443
380281 133199 443
455167 75771 449
765090 145826 509
143198 178214 383
271873 810197 509
595026 749305 509
975972 111761 525
618429 215074 470
394094 557959 470
601606 824781 509
720299 991032 525
764700 708382 424
81523 821402 509
541230 409305 470
276967 72565 443
162548 962309 525
993593 454342 525
312613 354348 441
157641 72478 383
440455 331231 449
766789 642231 504
885117 771742 525
808189 4079 509
328868 779955 509
777968 146276 509
729849 350517 509
903651 779537 525
773504 863243 525
509522 309998 449
228263 782429 509
830943 860886 525
56691 814773 509
170062 539388 470
678165 365068 509
477383 746600 509
886367 47080 525
771572 451141 509
589596 605052 403
499167 334506 449
490116 281066 449
401999 297438 441
707264 468460 509
281598 127717 443
453201 769585 509
36909 781423 509
643951 565353 509
425016 927731 525
802974 584939 509
448063 748421 509
374629 563914 470
748956 780712 468
808297 133694 509
813421 491680 509
704891 887139 525
924369 610080 525
402462 140973 443
328848 886186 525
510735 582920 470
505194 611140 470
842248 450012 525
449786 551110 470
188989 433933 449
111880 9156 354
92712 241729 443
684947 615640 509
406128 558754 470
317470 744749 509
339740 813564 509
922272 725084 525
589857 425514 470
965515 601463 525
480568 124581 449
607066 127380 470
540855 702987 509
245612 381104 441
576320 454951 470
529306 905163 525
802984 148874 509
305759 448088 449
842601 611199 525
587325 530004 452
626119 81364 470
312838 116943 443
776113 809287 468
437238 183473 449
355594 510439 449
635871 222874 509
380821 380536 299
6576 934679 525
109796 622903 470
938232 967876 507
484185 503782 426
119074 66761 354
443499 935306 525
959474 72847 525
506853 641852 509
144539 108841 375
423106 94977 449
726900 719755 411
873620 198548 525
223353 156529 386
357035 440135 449
657890 797365 504
631080 844349 525
985706 209853 525
829633 644777 504
152019 208479 383
872426 862767 432
749764 672867 504
820024 907083 525
59091 469900 449
990613 665780 525
952262 635242 525
715603 465020 509
547232 852550 525
392539 355398 436
234828 849971 525
105325 510746 449
753402 496940 509
566104 654007 509
989165 492374 525
72572 264552 443
573101 29280 470
38292 762187 509
102646 789161 509
455028 256752 449
108044 606368 470
978377 943331 458
36433 793351 509
62010 468752 449
477252 860603 525
602988 133332 470
144628 771484 509
252710 713605 509
716587 509651 509
994520 830288 525
14552 970349 525
355199 65294 443
917723 269257 525
956101 272558 525
511287 945765 525
628858 104733 509
862012 319339 525
694851 87296 509
501983 99234 449
275947 343955 389
669702 216966 509
401865 861271 525
543321 563450 452
791041 210782 509
401364 280236 441
919208 756049 525
168850 673503 509
71453 994660 525
834606 191249 509
165201 230850 443
435590 540015 470
841767 54332 525
938321 39789 525
624245 135688 470
873075 620963 525
820260 145113 509
950648 191289 525
226380 897415 525
746156 336671 509
775036 350720 509
421038 331153 449
478778 793629 509
739820 593845 509
646196 6600 509
680115 71254 509
729308 459331 509
236741 579936 470
958452 373413 525
824609 819645 450
106866 265709 443
492226 921396 525
759195 148752 509
981700 781921 525
691201 83620 509
40484 63335 340
553138 449588 470
855798 544297 525
449026 126838 449
642153 831315 504
318831 657605 509
799670 959823 525
477707 775565 509
933219 669024 525
152576 575724 470
409658 8778 443
775072 729330 468
196242 413528 449
431670 928565 525
45929 572318 470
981154 14033 525
715450 626460 504
439099 394232 449
172555 22985 383
183778 704125 509
158029 83136 383
82253 551942 470
231305 254811 381
795531 970948 525
783665 548958 509
369686 790494 509
161788 470184 449
115433 980732 525
804997 743923 468
296396 945319 525
302749 585619 470
852627 283432 525
822574 868907 525
212393 507097 449
451997 840152 525
448832 134300 449
918764 317728 525
601054 777131 509
429489 927658 525
590409 739185 509
9127 196545 383
654712 260326 509
73018 936773 525
641438 950507 525
167360 561472 470
557350 657523 509
169402 716343 509
295910 551649 470
438545 142671 449
175504 262927 443
780679 760631 468
674099 168206 509
264629 909689 525
567713 967840 525
464848 579626 470
232264 716794 509
510442 805013 509
4090 128298 354
482155 740788 509
183654 430788 449
49268 14642 324
711857 400656 509
680366 671212 385
904430 721611 525
475263 117743 449
749321 750959 393
404467 423673 449
441233 173912 449
497049 748440 509
31696 491461 449
699701 584836 509
61170 595045 470
820120 670106 504
62210 722180 509
823649 890665 525
130657 728522 509
885333 162861 525
810720 150620 509
274432 283194 389
807228 840008 525
819488 561083 509
489641 844109 525
115041 675332 509
817545 613300 509
311284 528521 470
652317 62684 509
227688 701093 509
610464 523071 452
247037 738703 509
322490 920802 525
293974 904341 525
274554 14 443
474679 455486 444
923536 485993 525
698048 669850 442
167131 62753 383
776630 303671 509
203959 463505 449
468162 791780 509
801221 845570 525
422077 98217 449
454931 89279 449
704273 48348 509
521090 86292 470
34945 188202 383
265700 382329 441
94171 330668 443
441510 56492 449
445052 136487 449
70383 581870 470
779126 321400 509
801117 251541 509
47439 889309 525
768822 201347 509
796992 58014 509
729926 653535 504
335516 59906 443
514940 303440 470
147935 634599 509
155143 961267 525
296858 864033 525
792401 530011 509
143657 988901 525
558581 786412 509
284449 543717 470
484988 57990 449
199035 996887 525
578301 320003 470
383323 27417 443
153842 896826 525
148251 69370 375
162906 20184 383
229224 378030 443
455268 660182 509
17799 9069 279
681852 281872 509
60884 932696 525
793282 229150 509
178037 584201 470
78697 669571 509
778395 45315 509
204680 58010 383
876363 760826 525
852697 342951 525
577444 5822 470
156413 955271 525
833999 672611 504
393881 188622 443
444506 875689 525
671086 461158 509
401278 625924 470
895464 365424 525
934723 756493 525
748729 595338 509
580053 831757 509
320512 43740 443
731375 584115 509
61096 925858 525
493588 419709 444
266046 288707 407
940258 880721 507
646272 666008 442
669590 61027 509
966357 812296 525
625353 957523 525
167603 121678 383
659577 218701 509
746065 184232 509
513718 58147 470
534588 6697 470
405305 843991 525
418721 370390 449
949714 341882 525
104027 683388 509
54375 702793 509
312979 169265 443
578834 64170 470
228245 851596 525
81047 771441 509
141437 812276 509
684718 344604 509
912508 46294 525
274179 725504 509
392520 392385 237
682396 17328 509
710126 106841 509
543281 320867 470
920061 791525 525
438622 164296 449
291447 986210 525
978720 732819 525
290359 778565 509
808390 754127 468
809738 255770 509
802840 833150 450
980311 204881 525
706939 242537 509
949634 153710 525
985907 780638 525
539343 149987 470
109320 117103 349
518497 665552 509
393981 325618 441
71395 496205 449
561895 889466 525
374500 146509 443
793245 470894 509
305382 368907 441
356479 13310 443
539379 243115 470
744251 213673 509
46642 536259 470
61678 396028 443
882395 883744 313
190046 313031 443
687357 726583 504
755082 964724 525
278114 132798 443
865076 967773 507
983178 37836 525
824125 240170 509
186466 251483 443
137129 121477 344
836165 197266 509
638560 439004 509
142011 540420 470
635840 210043 509
407687 249870 441
210443 635470 509
723851 431197 509
518149 196916 470
615417 357446 470
399251 152644 443
843996 960073 507
834828 118782 509
630982 122410 509
808618 726799 468
372541 429028 449
607499 880610 525
652294 787341 504
122889 646003 509
391441 343482 441
911173 662154 525
413986 196880 449
195011 461376 449
405517 109428 443
611855 785751 509
977275 532738 525
137145 707882 509
465606 267025 449
399764 507573 449
20818 192334 383
488657 112198 449
167782 274235 443
301923 108372 443
457172 447457 387
901460 705037 525
16270 325226 443
240319 279306 407
99823 138143 354
500656 45317 449
456560 563932 470
645788 560939 509
452217 863375 525
662530 907029 525
756518 241212 509
393087 223642 443
755029 438923 509
697932 339233 509
229928 290127 443
511185 460818 444
373958 943787 525
520025 28849 470
776827 355095 509
662746 116217 509
902910 256848 525
461634 185969 449
870694 254444 525
384792 418774 449
789060 95838 509
283279 455501 449
639446 972642 525
453463 851189 525
541054 641932 509
301359 422523 449
517695 572845 452
841507 90503 525
797216 813440 406
124506 739300 509
293833 427853 449
80919 728259 509
384909 689816 509
446500 257952 449
397867 312852 441
509140 228692 449
324609 971778 525
896022 469188 525
787005 888525 525
951213 640805 525
807956 889910 525
314425 654187 509
376990 194774 443
398330 384953 436
681596 919322 525
27135 9450 308
597390 630789 509
903870 38482 525
471781 315721 449
199130 514403 470
710386 146799 509
865280 378114 525
309436 180281 443
560495 798990 509
549937 231373 470
480713 984498 525
487227 55255 449
975764 797148 525
940453 973419 458
996519 191468 525
434139 655781 509
975530 136859 525
582629 343385 470
312448 144488 443
149775 513590 470
528389 489828 470
105258 169893 383
630687 690671 442
622806 189954 470
59484 138572 354
511826 361136 449
35430 352604 443
49767 575444 470
770913 131311 509
805945 157958 509
918147 430616 525
479838 744587 509
203691 816196 509
545706 538338 408
776696 692847 504
967560 755660 525
662425 807437 504
974661 947998 458
130493 352843 443
868817 694712 525
956155 527259 525
994923 732617 525
879396 335073 525
15382 987675 525
114726 335512 443
47373 807941 509
360962 957613 525
137473 79556 354
240494 222665 443
404829 941689 525
584803 701491 509
847825 901594 445
348232 240795 441
816520 254108 509
736955 324973 509
216861 677954 509
432026 272550 449
124380 900144 525
982441 919469 507
668714 390453 509
578634 352350 470
683677 621161 509
715957 795848 468
108275 218191 386
291665 681764 509
448640 553988 470
854985 483762 525
691216 149602 509
348170 731391 509
355916 464934 449
183686 204043 360
959436 997525 458
706766 414386 509
776169 455522 509
582183 824141 509
743956 737715 424
336579 197609 443
967646 438559 525
76271 183777 383
56966 160257 383
806525 528808 509
584932 204262 470
672110 254171 509
124880 58840 354
397798 538083 470
886049 395949 525
718267 591995 509
529672 468420 470
34616 954045 525
70133 488194 449
869735 637407 525
748146 532139 509
838726 659532 525
884284 543342 525
384861 32321 443
800960 754551 468
717216 240350 509
304778 127358 443
933692 195297 525
672833 801075 504
935762 481901 525
994972 279154 525
23175 991697 525
806796 283346 509
397644 499069 449
217568 920294 525
994403 184212 525
173148 432202 449
79708 608213 470
243721 400362 441
736767 371279 509
205943 870548 525
844905 448774 525
20488 701546 509
292974 48877 443
535994 216364 470
692785 438850 509
845131 284343 525
318066 722611 509
816369 151233 509
425884 442711 400
394406 77556 443
307995 249766 407
528682 473257 470
313875 380080 441
324826 709578 509
473699 362983 449
845800 420865 525
429086 339174 449
395091 456049 449
850188 277524 525
217620 214702 386
95559 61982 351
117164 770593 509
912246 738613 525
890008 845334 445
454961 982147 525
313718 101272 443
433342 462382 444
722268 968882 525
805521 40881 509
561148 504763 470
169128 698966 509
166424 105871 383
856069 754647 525
449871 223144 449
551454 124425 470
168747 947369 525
277010 977848 525
659694 61218 509
804292 363832 509
65231 151137 375
424220 745305 509
575510 692147 509
746369 314835 509
343962 980810 525
888466 438743 525
640904 883933 525
356075 715668 509
523438 122164 470
85485 936310 525
245062 400689 441
292214 382236 441
391805 102336 443
123483 588060 470
881440 652102 525
440093 366025 449
245196 777317 509
584197 305826 470
311997 221936 443
893800 427785 525
969985 192365 525
533287 604403 452
269110 35126 443
7282 336038 443
240640 892112 525
10912 188438 383
997181 432091 525
461430 21799 449
910094 944971 507
64221 483872 449
697767 643501 442
12430 485388 449
876473 501334 525
946423 641814 525
165435 13353 383
580182 419852 470
608411 933812 525
941787 276067 525
10612 787246 509
130500 784967 509
800738 626549 504
10443 695925 509
234273 685102 509
493311 159067 449
988689 824416 525
525902 620798 452
261965 431023 449
307900 343082 384
249072 5019 443
162540 153401 383
35037 413644 449
656934 77528 509
178125 844986 525
936859 875011 476
22984 346199 443
236514 805829 509
721210 945052 525
166956 737921 509
693743 832391 504
753447 842526 525
668090 41428 509
340928 613552 470
701144 384711 509
282032 218895 443
323126 133872 443
175671 181367 365
667483 352609 509
424923 574626 470
88471 196679 383
656030 188711 509
331020 556008 470
499755 586065 470
951327 198534 525
436919 228693 449
510065 892833 525
214213 830167 509
925334 98267 525
453605 525375 470
886963 540799 525
19699 509877 449
728832 797513 468
901804 624711 525
609042 711494 509
591100 778020 509
983941 436113 525
98862 338986 443
804694 832869 450
232137 514367 470
348602 844150 525
693609 390976 509
350658 668635 509
214762 345151 443
268320 319824 407
722142 405597 509
655075 115452 509
837210 795235 468
442112 658379 509
287434 864376 525
862841 693565 525
401666 60335 443
981489 698541 525
271579 216640 443
767363 449630 509
615835 620742 372
587854 817805 509
333068 543334 470
660747 446835 509
816004 434019 509
433730 476141 444
923015 738772 525
270612 392296 441
451783 554182 470
96584 546952 470
778601 302893 509
920042 711601 525
672763 293848 509
935789 967750 507
527767 922538 525
768461 267419 509
29612 222751 386
365044 819161 509
598458 124473 470
398826 550573 470
772310 270993 509
729605 778110 468
382270 641940 509
293139 850880 525
43580 976762 525
679407 236436 509
359374 242648 441
109114 123696 349
190849 356046 443
358881 768103 509
206238 334053 443
40013 177557 383
717080 952842 525
653978 321025 509
413072 942355 525
950914 248238 525
9284 270483 443
729152 632760 504
510544 500677 426
505883 520156 470
751702 388078 509
371047 988901 525
768119 359176 509
502178 177262 449
13424 307799 443
895432 350247 525
516203 836962 509
97923 830069 509
392219 233519 441
148023 512450 470
812443 491332 509
434957 451584 400
769716 70953 509
241580 414900 449
527766 260498 470
827097 606008 509
852642 375638 525
357159 982128 525
665046 944149 525
876988 613260 525
734827 880775 525
744698 762997 424
292244 501545 449
989006 705652 525
490232 909426 525
608067 232952 470
864099 279218 525
815778 884195 525
614889 629321 509
191873 692923 509
901464 218427 525
793975 728760 468
629336 288294 509
917712 413795 525
607122 718873 509
169445 797482 509
483095 101554 449
54322 542342 470
370679 998988 525
430873 643840 509
930485 972237 507
883141 587064 525
403825 718076 509
367662 452220 449
50007 808204 509
760325 988633 525
259318 332726 407
118531 551121 470
200948 875614 525
852652 48076 525
323104 773274 509
54448 449025 449
845088 115807 525
317166 306176 384
368918 176904 443
292370 908191 525
926630 814113 525
970702 605942 525
22989 612562 470
532933 631554 509
62635 275421 443
472572 625789 470
647498 940340 525
281021 248380 407
631491 103049 509
329279 389056 441
501070 28447 449
471101 370342 449
894693 122568 525
668862 22914 509
836461 849584 525
220301 411498 449
474295 959333 525
258753 969333 525
568386 735103 509
246741 959679 525
861938 681855 525
131587 554604 470
777238 281054 509
649211 125032 509
460746 361229 449
249649 108707 443
108360 212680 383
377039 79698 443
650321 191247 509
386130 176455 443
822290 50076 509
437882 719583 509
444486 288077 449
679784 921212 525
29411 270466 443
76318 65324 325
222895 824475 509
603393 679185 509
324814 750346 509
443978 510550 444
452977 803892 509
771227 752396 468
75523 117369 354
282840 773847 509
207909 681507 509
425949 842863 525
866253 472515 525
656627 814261 504
193430 187453 360
413409 247649 449
737276 925174 525
51390 76919 340
747279 634865 504
358443 929084 525
687557 466192 509
630012 596491 509
236765 416308 449
450295 686537 509
493142 72987 449
514977 195829 470
559904 597404 434
388193 332325 441
491208 182149 449
663414 777096 504
126774 301855 443
914103 837285 525
388607 603641 470
543004 164906 470
759723 394840 509
202745 693301 509
461564 43196 449
218008 662173 509
712642 807556 468
373395 361286 392
222186 796389 509
231805 578196 470
647700 204921 509
283342 593439 470
25220 997388 525
399389 511195 449
473645 739562 509
956149 448953 525
472120 294613 449
935872 615032 525
74561 427759 449
962891 884664 507
289811 292936 340
748723 868936 525
240553 644676 509
961177 913885 507
415322 415684 250
554642 575574 421
36455 946584 525
524107 23441 470
938291 830914 525
926186 269659 525
373738 888236 525
73875 6257 340
557088 992072 525
745097 177808 509
843826 199493 525
401132 807322 509